Traceback (most recent call last):
  File "/opt/hostedtoolcache/Python/3.12.7/x64/lib/python3.12/site-packages/jupyter_cache/executors/utils.py", line 58, in single_nb_execution
    executenb(
  File "/opt/hostedtoolcache/Python/3.12.7/x64/lib/python3.12/site-packages/nbclient/client.py", line 1314, in execute
    return NotebookClient(nb=nb, resources=resources, km=km, **kwargs).execute()
           ^^^^^^^^^^^^^^^^^^^^^^^^^^^^^^^^^^^^^^^^^^^^^^^^^^^^^^^^^^^^^^^^^^^^^
  File "/opt/hostedtoolcache/Python/3.12.7/x64/lib/python3.12/site-packages/jupyter_core/utils/__init__.py", line 165, in wrapped
    return loop.run_until_complete(inner)
           ^^^^^^^^^^^^^^^^^^^^^^^^^^^^^^
  File "/opt/hostedtoolcache/Python/3.12.7/x64/lib/python3.12/asyncio/base_events.py", line 687, in run_until_complete
    return future.result()
           ^^^^^^^^^^^^^^^
  File "/opt/hostedtoolcache/Python/3.12.7/x64/lib/python3.12/site-packages/nbclient/client.py", line 709, in async_execute
    await self.async_execute_cell(
  File "/opt/hostedtoolcache/Python/3.12.7/x64/lib/python3.12/site-packages/nbclient/client.py", line 1062, in async_execute_cell
    await self._check_raise_for_error(cell, cell_index, exec_reply)
  File "/opt/hostedtoolcache/Python/3.12.7/x64/lib/python3.12/site-packages/nbclient/client.py", line 918, in _check_raise_for_error
    raise CellExecutionError.from_cell_and_msg(cell, exec_reply_content)
nbclient.exceptions.CellExecutionError: An error occurred while executing the following cell:
------------------
# Load the data

img_uncropped = fits.getdata('a3266_img_erosita.fits')
exp_uncropped = fits.getdata('a3266_exp_erosita.fits')

with warnings.catch_warnings():
    warnings.simplefilter("ignore")
    wcs = WCS(header = fits.getheader('a3266_img_erosita.fits'), relax=True)

# Crop to the central parts

size = 200
x_min, y_min = 1620-size, 1620-size
x_max, y_max = 1620+size, 1620+size
img = img_uncropped[x_min:x_max+1, y_min:y_max+1]
exp = exp_uncropped[x_min:x_max+1, y_min:y_max+1]

# Rebin to lower number

img = block_reduce(img, 8, np.sum)
exp = block_reduce(exp, 8, np.mean)

# Display the data

plt.figure(figsize=(9,4))
ax = plt.subplot(121, projection=wcs)
ax.coords[0].set_axislabel(' ')
ax.coords[1].set_axislabel(' ')
mappable = ax.imshow(img, norm=LogNorm(vmin=5e1), cmap=cmr.cosmic)
plt.title('Count image')
plt.colorbar(mappable=mappable, label='Photons')

ax = plt.subplot(122, projection=wcs)
ax.coords[0].set_axislabel(' ')
ax.coords[1].set_axislabel(' ')
mappable = ax.imshow(exp, cmap=cmr.ember)
plt.title('Exposure')
plt.colorbar(mappable=mappable, label='seconds')
plt.tight_layout()
------------------


[0;31m---------------------------------------------------------------------------[0m
[0;31mFileNotFoundError[0m                         Traceback (most recent call last)
Cell [0;32mIn[4], line 3[0m
[1;32m      1[0m [38;5;66;03m# Load the data[39;00m
[0;32m----> 3[0m img_uncropped [38;5;241m=[39m [43mfits[49m[38;5;241;43m.[39;49m[43mgetdata[49m[43m([49m[38;5;124;43m'[39;49m[38;5;124;43ma3266_img_erosita.fits[39;49m[38;5;124;43m'[39;49m[43m)[49m
[1;32m      4[0m exp_uncropped [38;5;241m=[39m fits[38;5;241m.[39mgetdata([38;5;124m'[39m[38;5;124ma3266_exp_erosita.fits[39m[38;5;124m'[39m)
[1;32m      6[0m [38;5;28;01mwith[39;00m warnings[38;5;241m.[39mcatch_warnings():

File [0;32m/opt/hostedtoolcache/Python/3.12.7/x64/lib/python3.12/site-packages/astropy/io/fits/convenience.py:220[0m, in [0;36mgetdata[0;34m(filename, header, lower, upper, view, *args, **kwargs)[0m
[1;32m    215[0m extver [38;5;241m=[39m kwargs[38;5;241m.[39mget([38;5;124m"[39m[38;5;124mextver[39m[38;5;124m"[39m)
[1;32m    216[0m ext_given [38;5;241m=[39m [38;5;129;01mnot[39;00m (
[1;32m    217[0m     [38;5;28mlen[39m(args) [38;5;241m==[39m [38;5;241m0[39m [38;5;129;01mand[39;00m ext [38;5;129;01mis[39;00m [38;5;28;01mNone[39;00m [38;5;129;01mand[39;00m extname [38;5;129;01mis[39;00m [38;5;28;01mNone[39;00m [38;5;129;01mand[39;00m extver [38;5;129;01mis[39;00m [38;5;28;01mNone[39;00m
[1;32m    218[0m )
[0;32m--> 220[0m hdulist, extidx [38;5;241m=[39m [43m_getext[49m[43m([49m[43mfilename[49m[43m,[49m[43m [49m[43mmode[49m[43m,[49m[43m [49m[38;5;241;43m*[39;49m[43margs[49m[43m,[49m[43m [49m[38;5;241;43m*[39;49m[38;5;241;43m*[39;49m[43mkwargs[49m[43m)[49m
[1;32m    221[0m [38;5;28;01mtry[39;00m:
[1;32m    222[0m     hdu [38;5;241m=[39m hdulist[extidx]

File [0;32m/opt/hostedtoolcache/Python/3.12.7/x64/lib/python3.12/site-packages/astropy/io/fits/convenience.py:1121[0m, in [0;36m_getext[0;34m(filename, mode, ext, extname, extver, *args, **kwargs)[0m
[1;32m   1118[0m [38;5;28;01melif[39;00m extver [38;5;129;01mand[39;00m extname [38;5;129;01mis[39;00m [38;5;28;01mNone[39;00m:
[1;32m   1119[0m     [38;5;28;01mraise[39;00m [38;5;167;01mTypeError[39;00m([38;5;124m"[39m[38;5;124mextver alone cannot specify an extension.[39m[38;5;124m"[39m)
[0;32m-> 1121[0m hdulist [38;5;241m=[39m [43mfitsopen[49m[43m([49m[43mfilename[49m[43m,[49m[43m [49m[43mmode[49m[38;5;241;43m=[39;49m[43mmode[49m[43m,[49m[43m [49m[38;5;241;43m*[39;49m[38;5;241;43m*[39;49m[43mkwargs[49m[43m)[49m
[1;32m   1123[0m [38;5;28;01mreturn[39;00m hdulist, ext

File [0;32m/opt/hostedtoolcache/Python/3.12.7/x64/lib/python3.12/site-packages/astropy/io/fits/hdu/hdulist.py:223[0m, in [0;36mfitsopen[0;34m(name, mode, memmap, save_backup, cache, lazy_load_hdus, ignore_missing_simple, use_fsspec, fsspec_kwargs, decompress_in_memory, **kwargs)[0m
[1;32m    220[0m [38;5;28;01mif[39;00m [38;5;129;01mnot[39;00m name:
[1;32m    221[0m     [38;5;28;01mraise[39;00m [38;5;167;01mValueError[39;00m([38;5;124mf[39m[38;5;124m"[39m[38;5;124mEmpty filename: [39m[38;5;132;01m{[39;00mname[38;5;132;01m!r}[39;00m[38;5;124m"[39m)
[0;32m--> 223[0m [38;5;28;01mreturn[39;00m [43mHDUList[49m[38;5;241;43m.[39;49m[43mfromfile[49m[43m([49m
[1;32m    224[0m [43m    [49m[43mname[49m[43m,[49m
[1;32m    225[0m [43m    [49m[43mmode[49m[43m,[49m
[1;32m    226[0m [43m    [49m[43mmemmap[49m[43m,[49m
[1;32m    227[0m [43m    [49m[43msave_backup[49m[43m,[49m
[1;32m    228[0m [43m    [49m[43mcache[49m[43m,[49m
[1;32m    229[0m [43m    [49m[43mlazy_load_hdus[49m[43m,[49m
[1;32m    230[0m [43m    [49m[43mignore_missing_simple[49m[43m,[49m
[1;32m    231[0m [43m    [49m[43muse_fsspec[49m[38;5;241;43m=[39;49m[43muse_fsspec[49m[43m,[49m
[1;32m    232[0m [43m    [49m[43mfsspec_kwargs[49m[38;5;241;43m=[39;49m[43mfsspec_kwargs[49m[43m,[49m
[1;32m    233[0m [43m    [49m[43mdecompress_in_memory[49m[38;5;241;43m=[39;49m[43mdecompress_in_memory[49m[43m,[49m
[1;32m    234[0m [43m    [49m[38;5;241;43m*[39;49m[38;5;241;43m*[39;49m[43mkwargs[49m[43m,[49m
[1;32m    235[0m [43m[49m[43m)[49m

File [0;32m/opt/hostedtoolcache/Python/3.12.7/x64/lib/python3.12/site-packages/astropy/io/fits/hdu/hdulist.py:487[0m, in [0;36mHDUList.fromfile[0;34m(cls, fileobj, mode, memmap, save_backup, cache, lazy_load_hdus, ignore_missing_simple, **kwargs)[0m
[1;32m    468[0m [38;5;129m@classmethod[39m
[1;32m    469[0m [38;5;28;01mdef[39;00m [38;5;21mfromfile[39m(
[1;32m    470[0m     [38;5;28mcls[39m,
[0;32m   (...)[0m
[1;32m    478[0m     [38;5;241m*[39m[38;5;241m*[39mkwargs,
[1;32m    479[0m ):
[1;32m    480[0m [38;5;250m    [39m[38;5;124;03m"""[39;00m
[1;32m    481[0m [38;5;124;03m    Creates an `HDUList` instance from a file-like object.[39;00m
[1;32m    482[0m 
[0;32m   (...)[0m
[1;32m    485[0m [38;5;124;03m    documentation for details of the parameters accepted by this method).[39;00m
[1;32m    486[0m [38;5;124;03m    """[39;00m
[0;32m--> 487[0m     [38;5;28;01mreturn[39;00m [38;5;28;43mcls[39;49m[38;5;241;43m.[39;49m[43m_readfrom[49m[43m([49m
[1;32m    488[0m [43m        [49m[43mfileobj[49m[38;5;241;43m=[39;49m[43mfileobj[49m[43m,[49m
[1;32m    489[0m [43m        [49m[43mmode[49m[38;5;241;43m=[39;49m[43mmode[49m[43m,[49m
[1;32m    490[0m [43m        [49m[43mmemmap[49m[38;5;241;43m=[39;49m[43mmemmap[49m[43m,[49m
[1;32m    491[0m [43m        [49m[43msave_backup[49m[38;5;241;43m=[39;49m[43msave_backup[49m[43m,[49m
[1;32m    492[0m [43m        [49m[43mcache[49m[38;5;241;43m=[39;49m[43mcache[49m[43m,[49m
[1;32m    493[0m [43m        [49m[43mignore_missing_simple[49m[38;5;241;43m=[39;49m[43mignore_missing_simple[49m[43m,[49m
[1;32m    494[0m [43m        [49m[43mlazy_load_hdus[49m[38;5;241;43m=[39;49m[43mlazy_load_hdus[49m[43m,[49m
[1;32m    495[0m [43m        [49m[38;5;241;43m*[39;49m[38;5;241;43m*[39;49m[43mkwargs[49m[43m,[49m
[1;32m    496[0m [43m    [49m[43m)[49m

File [0;32m/opt/hostedtoolcache/Python/3.12.7/x64/lib/python3.12/site-packages/astropy/io/fits/hdu/hdulist.py:1169[0m, in [0;36mHDUList._readfrom[0;34m(cls, fileobj, data, mode, memmap, cache, lazy_load_hdus, ignore_missing_simple, use_fsspec, fsspec_kwargs, decompress_in_memory, **kwargs)[0m
[1;32m   1166[0m [38;5;28;01mif[39;00m fileobj [38;5;129;01mis[39;00m [38;5;129;01mnot[39;00m [38;5;28;01mNone[39;00m:
[1;32m   1167[0m     [38;5;28;01mif[39;00m [38;5;129;01mnot[39;00m [38;5;28misinstance[39m(fileobj, _File):
[1;32m   1168[0m         [38;5;66;03m# instantiate a FITS file object (ffo)[39;00m
[0;32m-> 1169[0m         fileobj [38;5;241m=[39m [43m_File[49m[43m([49m
[1;32m   1170[0m [43m            [49m[43mfileobj[49m[43m,[49m
[1;32m   1171[0m [43m            [49m[43mmode[49m[38;5;241;43m=[39;49m[43mmode[49m[43m,[49m
[1;32m   1172[0m [43m            [49m[43mmemmap[49m[38;5;241;43m=[39;49m[43mmemmap[49m[43m,[49m
[1;32m   1173[0m [43m            [49m[43mcache[49m[38;5;241;43m=[39;49m[43mcache[49m[43m,[49m
[1;32m   1174[0m [43m            [49m[43muse_fsspec[49m[38;5;241;43m=[39;49m[43muse_fsspec[49m[43m,[49m
[1;32m   1175[0m [43m            [49m[43mfsspec_kwargs[49m[38;5;241;43m=[39;49m[43mfsspec_kwargs[49m[43m,[49m
[1;32m   1176[0m [43m            [49m[43mdecompress_in_memory[49m[38;5;241;43m=[39;49m[43mdecompress_in_memory[49m[43m,[49m
[1;32m   1177[0m [43m        [49m[43m)[49m
[1;32m   1178[0m     [38;5;66;03m# The Astropy mode is determined by the _File initializer if the[39;00m
[1;32m   1179[0m     [38;5;66;03m# supplied mode was None[39;00m
[1;32m   1180[0m     mode [38;5;241m=[39m fileobj[38;5;241m.[39mmode

File [0;32m/opt/hostedtoolcache/Python/3.12.7/x64/lib/python3.12/site-packages/astropy/io/fits/file.py:218[0m, in [0;36m_File.__init__[0;34m(self, fileobj, mode, memmap, overwrite, cache, use_fsspec, fsspec_kwargs, decompress_in_memory)[0m
[1;32m    216[0m     [38;5;28mself[39m[38;5;241m.[39m_open_fileobj(fileobj, mode, overwrite)
[1;32m    217[0m [38;5;28;01melif[39;00m [38;5;28misinstance[39m(fileobj, ([38;5;28mstr[39m, [38;5;28mbytes[39m)):
[0;32m--> 218[0m     [38;5;28;43mself[39;49m[38;5;241;43m.[39;49m[43m_open_filename[49m[43m([49m[43mfileobj[49m[43m,[49m[43m [49m[43mmode[49m[43m,[49m[43m [49m[43moverwrite[49m[43m)[49m
[1;32m    219[0m [38;5;28;01melse[39;00m:
[1;32m    220[0m     [38;5;28mself[39m[38;5;241m.[39m_open_filelike(fileobj, mode, overwrite)

File [0;32m/opt/hostedtoolcache/Python/3.12.7/x64/lib/python3.12/site-packages/astropy/io/fits/file.py:651[0m, in [0;36m_File._open_filename[0;34m(self, filename, mode, overwrite)[0m
[1;32m    648[0m ext [38;5;241m=[39m os[38;5;241m.[39mpath[38;5;241m.[39msplitext([38;5;28mself[39m[38;5;241m.[39mname)[[38;5;241m1[39m]
[1;32m    650[0m [38;5;28;01mif[39;00m [38;5;129;01mnot[39;00m [38;5;28mself[39m[38;5;241m.[39m_try_read_compressed([38;5;28mself[39m[38;5;241m.[39mname, magic, mode, ext[38;5;241m=[39mext):
[0;32m--> 651[0m     [38;5;28mself[39m[38;5;241m.[39m_file [38;5;241m=[39m [38;5;28;43mopen[39;49m[43m([49m[38;5;28;43mself[39;49m[38;5;241;43m.[39;49m[43mname[49m[43m,[49m[43m [49m[43mIO_FITS_MODES[49m[43m[[49m[43mmode[49m[43m][49m[43m)[49m
[1;32m    652[0m     [38;5;28mself[39m[38;5;241m.[39mclose_on_error [38;5;241m=[39m [38;5;28;01mTrue[39;00m
[1;32m    654[0m [38;5;66;03m# Make certain we're back at the beginning of the file[39;00m
[1;32m    655[0m [38;5;66;03m# BZ2File does not support seek when the file is open for writing, but[39;00m
[1;32m    656[0m [38;5;66;03m# when opening a file for write, bz2.BZ2File always truncates anyway.[39;00m

[0;31mFileNotFoundError[0m: [Errno 2] No such file or directory: 'a3266_img_erosita.fits'

